<?xml version="1.0" encoding="UTF-8"?>
<testsuite xmlns:xsi="http://www.w3.org/2001/XMLSchema-instance" xsi:noNamespaceSchemaLocation="https://maven.apache.org/surefire/maven-surefire-plugin/xsd/surefire-test-report.xsd" name="com.ww.crud.test.TestMapper" time="1.73" tests="1" errors="0" skipped="0" failures="0">
  <properties>
    <property name="sun.desktop" value="windows"/>
    <property name="awt.toolkit" value="sun.awt.windows.WToolkit"/>
    <property name="java.specification.version" value="11"/>
    <property name="sun.cpu.isalist" value="amd64"/>
    <property name="sun.jnu.encoding" value="GBK"/>
    <property name="java.class.path" value="D:\devTools\IntelliJ IDEA\IntelliJ IDEA 2019.1.2\ssm_project\_06_atguigu_crud\target\test-classes;D:\devTools\IntelliJ IDEA\IntelliJ IDEA 2019.1.2\ssm_project\_06_atguigu_crud\target\classes;D:\maven\repository\org\springframework\spring-webmvc\5.1.6.RELEASE\spring-webmvc-5.1.6.RELEASE.jar;D:\maven\repository\org\springframework\spring-aop\5.1.6.RELEASE\spring-aop-5.1.6.RELEASE.jar;D:\maven\repository\org\springframework\spring-beans\5.1.6.RELEASE\spring-beans-5.1.6.RELEASE.jar;D:\maven\repository\org\springframework\spring-context\5.1.6.RELEASE\spring-context-5.1.6.RELEASE.jar;D:\maven\repository\org\springframework\spring-core\5.1.6.RELEASE\spring-core-5.1.6.RELEASE.jar;D:\maven\repository\org\springframework\spring-jcl\5.1.6.RELEASE\spring-jcl-5.1.6.RELEASE.jar;D:\maven\repository\org\springframework\spring-expression\5.1.6.RELEASE\spring-expression-5.1.6.RELEASE.jar;D:\maven\repository\org\springframework\spring-web\5.1.6.RELEASE\spring-web-5.1.6.RELEASE.jar;D:\maven\repository\org\springframework\spring-jdbc\5.1.6.RELEASE\spring-jdbc-5.1.6.RELEASE.jar;D:\maven\repository\org\springframework\spring-tx\5.1.6.RELEASE\spring-tx-5.1.6.RELEASE.jar;D:\maven\repository\org\aspectj\aspectjweaver\1.8.7\aspectjweaver-1.8.7.jar;D:\maven\repository\org\mybatis\mybatis\3.5.1\mybatis-3.5.1.jar;D:\maven\repository\org\mybatis\generator\mybatis-generator-core\1.3.7\mybatis-generator-core-1.3.7.jar;D:\maven\repository\org\mybatis\mybatis-spring\1.3.0\mybatis-spring-1.3.0.jar;D:\maven\repository\com\github\pagehelper\pagehelper\5.1.10\pagehelper-5.1.10.jar;D:\maven\repository\com\github\jsqlparser\jsqlparser\2.0\jsqlparser-2.0.jar;D:\maven\repository\mysql\mysql-connector-java\8.0.15\mysql-connector-java-8.0.15.jar;D:\maven\repository\com\google\protobuf\protobuf-java\3.6.1\protobuf-java-3.6.1.jar;D:\maven\repository\log4j\log4j\1.2.17\log4j-1.2.17.jar;D:\maven\repository\org\apache\struts\struts-taglib\1.3.8\struts-taglib-1.3.8.jar;D:\maven\repository\org\apache\struts\struts-core\1.3.8\struts-core-1.3.8.jar;D:\maven\repository\antlr\antlr\2.7.2\antlr-2.7.2.jar;D:\maven\repository\commons-beanutils\commons-beanutils\1.7.0\commons-beanutils-1.7.0.jar;D:\maven\repository\commons-chain\commons-chain\1.1\commons-chain-1.1.jar;D:\maven\repository\commons-digester\commons-digester\1.8\commons-digester-1.8.jar;D:\maven\repository\commons-logging\commons-logging\1.0.4\commons-logging-1.0.4.jar;D:\maven\repository\commons-validator\commons-validator\1.3.1\commons-validator-1.3.1.jar;D:\maven\repository\oro\oro\2.0.8\oro-2.0.8.jar;D:\maven\repository\jstl\jstl\1.2\jstl-1.2.jar;D:\maven\repository\javax\servlet\servlet-api\2.5\servlet-api-2.5.jar;D:\maven\repository\javax\servlet\jsp\jsp-api\2.0\jsp-api-2.0.jar;D:\maven\repository\junit\junit\4.12\junit-4.12.jar;D:\maven\repository\org\hamcrest\hamcrest-core\1.3\hamcrest-core-1.3.jar;D:\maven\repository\org\springframework\spring-test\5.1.6.RELEASE\spring-test-5.1.6.RELEASE.jar;D:\maven\repository\com\fasterxml\jackson\core\jackson-databind\2.9.9.3\jackson-databind-2.9.9.3.jar;D:\maven\repository\com\fasterxml\jackson\core\jackson-annotations\2.9.0\jackson-annotations-2.9.0.jar;D:\maven\repository\com\fasterxml\jackson\core\jackson-core\2.9.9\jackson-core-2.9.9.jar;D:\maven\repository\org\hibernate\validator\hibernate-validator\6.0.10.Final\hibernate-validator-6.0.10.Final.jar;D:\maven\repository\javax\validation\validation-api\2.0.1.Final\validation-api-2.0.1.Final.jar;D:\maven\repository\org\jboss\logging\jboss-logging\3.3.2.Final\jboss-logging-3.3.2.Final.jar;D:\maven\repository\com\fasterxml\classmate\1.3.4\classmate-1.3.4.jar;"/>
    <property name="java.vm.vendor" value="Oracle Corporation"/>
    <property name="sun.arch.data.model" value="64"/>
    <property name="user.variant" value=""/>
    <property name="java.vendor.url" value="http://java.oracle.com/"/>
    <property name="user.timezone" value="Asia/Shanghai"/>
    <property name="java.vm.specification.version" value="11"/>
    <property name="os.name" value="Windows 10"/>
    <property name="sun.java.launcher" value="SUN_STANDARD"/>
    <property name="user.country" value="CN"/>
    <property name="sun.boot.library.path" value="D:\Java\JDK\bin"/>
    <property name="sun.java.command" value="c:\user\default\surefire2603843487145516211\surefirebooter9151083838961721191.jar C:\user\default\surefire2603843487145516211 2019-09-21T00-08-16_144-jvmRun1 surefire13230671303862802594tmp surefire_09472732028295635776tmp"/>
    <property name="jdk.debug" value="release"/>
    <property name="surefire.test.class.path" value="D:\devTools\IntelliJ IDEA\IntelliJ IDEA 2019.1.2\ssm_project\_06_atguigu_crud\target\test-classes;D:\devTools\IntelliJ IDEA\IntelliJ IDEA 2019.1.2\ssm_project\_06_atguigu_crud\target\classes;D:\maven\repository\org\springframework\spring-webmvc\5.1.6.RELEASE\spring-webmvc-5.1.6.RELEASE.jar;D:\maven\repository\org\springframework\spring-aop\5.1.6.RELEASE\spring-aop-5.1.6.RELEASE.jar;D:\maven\repository\org\springframework\spring-beans\5.1.6.RELEASE\spring-beans-5.1.6.RELEASE.jar;D:\maven\repository\org\springframework\spring-context\5.1.6.RELEASE\spring-context-5.1.6.RELEASE.jar;D:\maven\repository\org\springframework\spring-core\5.1.6.RELEASE\spring-core-5.1.6.RELEASE.jar;D:\maven\repository\org\springframework\spring-jcl\5.1.6.RELEASE\spring-jcl-5.1.6.RELEASE.jar;D:\maven\repository\org\springframework\spring-expression\5.1.6.RELEASE\spring-expression-5.1.6.RELEASE.jar;D:\maven\repository\org\springframework\spring-web\5.1.6.RELEASE\spring-web-5.1.6.RELEASE.jar;D:\maven\repository\org\springframework\spring-jdbc\5.1.6.RELEASE\spring-jdbc-5.1.6.RELEASE.jar;D:\maven\repository\org\springframework\spring-tx\5.1.6.RELEASE\spring-tx-5.1.6.RELEASE.jar;D:\maven\repository\org\aspectj\aspectjweaver\1.8.7\aspectjweaver-1.8.7.jar;D:\maven\repository\org\mybatis\mybatis\3.5.1\mybatis-3.5.1.jar;D:\maven\repository\org\mybatis\generator\mybatis-generator-core\1.3.7\mybatis-generator-core-1.3.7.jar;D:\maven\repository\org\mybatis\mybatis-spring\1.3.0\mybatis-spring-1.3.0.jar;D:\maven\repository\com\github\pagehelper\pagehelper\5.1.10\pagehelper-5.1.10.jar;D:\maven\repository\com\github\jsqlparser\jsqlparser\2.0\jsqlparser-2.0.jar;D:\maven\repository\mysql\mysql-connector-java\8.0.15\mysql-connector-java-8.0.15.jar;D:\maven\repository\com\google\protobuf\protobuf-java\3.6.1\protobuf-java-3.6.1.jar;D:\maven\repository\log4j\log4j\1.2.17\log4j-1.2.17.jar;D:\maven\repository\org\apache\struts\struts-taglib\1.3.8\struts-taglib-1.3.8.jar;D:\maven\repository\org\apache\struts\struts-core\1.3.8\struts-core-1.3.8.jar;D:\maven\repository\antlr\antlr\2.7.2\antlr-2.7.2.jar;D:\maven\repository\commons-beanutils\commons-beanutils\1.7.0\commons-beanutils-1.7.0.jar;D:\maven\repository\commons-chain\commons-chain\1.1\commons-chain-1.1.jar;D:\maven\repository\commons-digester\commons-digester\1.8\commons-digester-1.8.jar;D:\maven\repository\commons-logging\commons-logging\1.0.4\commons-logging-1.0.4.jar;D:\maven\repository\commons-validator\commons-validator\1.3.1\commons-validator-1.3.1.jar;D:\maven\repository\oro\oro\2.0.8\oro-2.0.8.jar;D:\maven\repository\jstl\jstl\1.2\jstl-1.2.jar;D:\maven\repository\javax\servlet\servlet-api\2.5\servlet-api-2.5.jar;D:\maven\repository\javax\servlet\jsp\jsp-api\2.0\jsp-api-2.0.jar;D:\maven\repository\junit\junit\4.12\junit-4.12.jar;D:\maven\repository\org\hamcrest\hamcrest-core\1.3\hamcrest-core-1.3.jar;D:\maven\repository\org\springframework\spring-test\5.1.6.RELEASE\spring-test-5.1.6.RELEASE.jar;D:\maven\repository\com\fasterxml\jackson\core\jackson-databind\2.9.9.3\jackson-databind-2.9.9.3.jar;D:\maven\repository\com\fasterxml\jackson\core\jackson-annotations\2.9.0\jackson-annotations-2.9.0.jar;D:\maven\repository\com\fasterxml\jackson\core\jackson-core\2.9.9\jackson-core-2.9.9.jar;D:\maven\repository\org\hibernate\validator\hibernate-validator\6.0.10.Final\hibernate-validator-6.0.10.Final.jar;D:\maven\repository\javax\validation\validation-api\2.0.1.Final\validation-api-2.0.1.Final.jar;D:\maven\repository\org\jboss\logging\jboss-logging\3.3.2.Final\jboss-logging-3.3.2.Final.jar;D:\maven\repository\com\fasterxml\classmate\1.3.4\classmate-1.3.4.jar;"/>
    <property name="sun.cpu.endian" value="little"/>
    <property name="user.home" value="C:\Users\王伟"/>
    <property name="user.language" value="zh"/>
    <property name="java.specification.vendor" value="Oracle Corporation"/>
    <property name="java.version.date" value="2019-01-15"/>
    <property name="java.home" value="D:\Java\JDK"/>
    <property name="file.separator" value="\"/>
    <property name="basedir" value="D:\devTools\IntelliJ IDEA\IntelliJ IDEA 2019.1.2\ssm_project\_06_atguigu_crud"/>
    <property name="java.vm.compressedOopsMode" value="32-bit"/>
    <property name="line.separator" value="&#10;"/>
    <property name="java.specification.name" value="Java Platform API Specification"/>
    <property name="java.vm.specification.vendor" value="Oracle Corporation"/>
    <property name="java.awt.graphicsenv" value="sun.awt.Win32GraphicsEnvironment"/>
    <property name="surefire.real.class.path" value="c:\user\default\surefire2603843487145516211\surefirebooter9151083838961721191.jar"/>
    <property name="user.script" value=""/>
    <property name="sun.management.compiler" value="HotSpot 64-Bit Tiered Compilers"/>
    <property name="java.runtime.version" value="11.0.2+9-LTS"/>
    <property name="user.name" value="wangwei"/>
    <property name="path.separator" value=";"/>
    <property name="os.version" value="10.0"/>
    <property name="java.runtime.name" value="Java(TM) SE Runtime Environment"/>
    <property name="file.encoding" value="GBK"/>
    <property name="java.vm.name" value="Java HotSpot(TM) 64-Bit Server VM"/>
    <property name="java.vendor.version" value="18.9"/>
    <property name="localRepository" value="D:\maven\repository"/>
    <property name="java.vendor.url.bug" value="http://bugreport.java.com/bugreport/"/>
    <property name="java.io.tmpdir" value="c:\user\default\"/>
    <property name="java.version" value="11.0.2"/>
    <property name="user.dir" value="D:\devTools\IntelliJ IDEA\IntelliJ IDEA 2019.1.2\ssm_project\_06_atguigu_crud"/>
    <property name="os.arch" value="amd64"/>
    <property name="java.vm.specification.name" value="Java Virtual Machine Specification"/>
    <property name="java.awt.printerjob" value="sun.awt.windows.WPrinterJob"/>
    <property name="idea.version2019.1.2" value="true"/>
    <property name="sun.os.patch.level" value=""/>
    <property name="java.library.path" value="D:\Java\JDK\bin;C:\WINDOWS\Sun\Java\bin;C:\WINDOWS\system32;C:\WINDOWS;D:\XftpForUbuntu\;D:\XShellForUbuntu\;D:\Java\JDK\bin;C:\Program Files (x86)\Intel\iCLS Client\;C:\WINDOWS\system32;C:\WINDOWS;C:\WINDOWS\System32\Wbem;C:\WINDOWS\System32\WindowsPowerShell\v1.0\;C:\Program Files (x86)\Intel\Intel(R) Management Engine Components\DAL;C:\Program Files\Intel\Intel(R) Management Engine Components\DAL;C:\Program Files (x86)\Intel\Intel(R) Management Engine Components\IPT;C:\Program Files\Intel\Intel(R) Management Engine Components\IPT;C:\Program Files (x86)\GtkSharp\2.12\bin;D:\matelab 2018\runtime\win64;D:\matelab 2018\bin;C:\WINDOWS\System32\OpenSSH\;D:\phantomjs\bin\phantomjs.exe;D:\Chrome\chromedriver_win32\chromedriver.exe;D:\Firefox\geckodriver-21.0\geckodriver.exe;D:\Firefox\firefox.exe;C:\Program Files\MySQL\MySQL Server 8.0\bin;D:\Node js\;D:\Python\Scripts\;D:\Python\;D:\Capture_Pspice\Capture_Pspice\tools\pcb\bin;D:\Capture_Pspice\Capture_Pspice\tools\fet\bin;D:\Capture_Pspice\Capture_Pspice\OpenAccess\bin\win32\opt;D:\Capture_Pspice\Capture_Pspice\tools\bin;D:\Capture_Pspice\Capture_Pspice\tools\Capture;D:\Capture_Pspice\Capture_Pspice\tools\PSpice;D:\Anaconda3;D:\Anaconda3\Library\mingw-w64\bin;D:\Anaconda3\Library\usr\bin;D:\Anaconda3\Library\bin;D:\Anaconda3\Scripts;C:\Users\王伟\AppData\Local\Microsoft\WindowsApps;D:\PYTHON\Scripts;D:\PYTHON\Tesseract-OCR;D:\Firefox\geckodriver-21.0\geckodriver.exe;D:\quartus18\modelsim_ase\win32aloem;D:\Quartus\modelsim_ase\win32aloem;C:\Users\王伟\AppData\Roaming\npm;D:\VS Code\Microsoft VS Code\bin;D:\maven\apache-maven-3.6.1-bin\apache-maven-3.6.1\bin;;."/>
    <property name="java.vendor" value="Oracle Corporation"/>
    <property name="java.vm.info" value="mixed mode"/>
    <property name="java.vm.version" value="11.0.2+9-LTS"/>
    <property name="sun.io.unicode.encoding" value="UnicodeLittle"/>
    <property name="maven.repo.local" value="D:\maven\repository"/>
    <property name="java.class.version" value="55.0"/>
  </properties>
  <testcase name="testDepartmentMapper" classname="com.ww.crud.test.TestMapper" time="0.007"/>
</testsuite>